<?xml version="1.0" encoding="UTF-8"?>
<!-- Generated by org.testng.reporters.JUnitXMLReporter -->
<testsuite ignored="36" hostname="DESKTOP-GQ5FLP2" failures="1" tests="1" name="Default test" time="26.078" errors="0" timestamp="2023-06-02T12:21:22 IST">
  <testcase classname="com.trisysLOS.tests.CreateLoanPageTest" name="LOS_TC_CreateLoan_046" time="20.847">
    <failure type="org.openqa.selenium.TimeoutException" message="timeout: Timed out receiving message from renderer: 20.000
  (Session info: chrome=112.0.5615.139)
Build info: version: &amp;apos;4.9.1&amp;apos;, revision: &amp;apos;eb2032df7f&amp;apos;
System info: os.name: &amp;apos;Windows 11&amp;apos;, os.arch: &amp;apos;amd64&amp;apos;, os.version: &amp;apos;10.0&amp;apos;, java.version: &amp;apos;20.0.1&amp;apos;
Driver info: org.openqa.selenium.chrome.ChromeDriver
Command: [b38956c1ff99a7f96b48e0020c2c1d6e, clickElement {id=f8de50e6-e58c-4ab0-9189-0b5e586966ed}]
Capabilities {acceptInsecureCerts: false, browserName: chrome, browserVersion: 112.0.5615.139, chrome: {chromedriverVersion: 112.0.5615.49 (bd2a7bcb881c..., userDataDir: C:\Users\Venu\AppData\Local...}, goog:chromeOptions: {debuggerAddress: localhost:63485}, networkConnectionEnabled: false, pageLoadStrategy: normal, platformName: windows, proxy: Proxy(), se:cdp: ws://localhost:63485/devtoo..., se:cdpVersion: 112.0.5615.139, setWindowRect: true, strictFileInteractability: false, timeouts: {implicit: 0, pageLoad: 300000, script: 30000}, unhandledPromptBehavior: dismiss and notify, webauthn:extension:credBlob: true, webauthn:extension:largeBlob: true, webauthn:extension:minPinLength: true, webauthn:extension:prf: true, webauthn:virtualAuthenticators: true}
Element: [[ChromeDriver: chrome on windows (b38956c1ff99a7f96b48e0020c2c1d6e)] -&amp;gt; xpath: //*[@title=&amp;apos;Add&amp;apos;]]
Session ID: b38956c1ff99a7f96b48e0020c2c1d6e">
      <![CDATA[org.openqa.selenium.TimeoutException: timeout: Timed out receiving message from renderer: 20.000
  (Session info: chrome=112.0.5615.139)
Build info: version: '4.9.1', revision: 'eb2032df7f'
System info: os.name: 'Windows 11', os.arch: 'amd64', os.version: '10.0', java.version: '20.0.1'
Driver info: org.openqa.selenium.chrome.ChromeDriver
Command: [b38956c1ff99a7f96b48e0020c2c1d6e, clickElement {id=f8de50e6-e58c-4ab0-9189-0b5e586966ed}]
Capabilities {acceptInsecureCerts: false, browserName: chrome, browserVersion: 112.0.5615.139, chrome: {chromedriverVersion: 112.0.5615.49 (bd2a7bcb881c..., userDataDir: C:\Users\Venu\AppData\Local...}, goog:chromeOptions: {debuggerAddress: localhost:63485}, networkConnectionEnabled: false, pageLoadStrategy: normal, platformName: windows, proxy: Proxy(), se:cdp: ws://localhost:63485/devtoo..., se:cdpVersion: 112.0.5615.139, setWindowRect: true, strictFileInteractability: false, timeouts: {implicit: 0, pageLoad: 300000, script: 30000}, unhandledPromptBehavior: dismiss and notify, webauthn:extension:credBlob: true, webauthn:extension:largeBlob: true, webauthn:extension:minPinLength: true, webauthn:extension:prf: true, webauthn:virtualAuthenticators: true}
Element: [[ChromeDriver: chrome on windows (b38956c1ff99a7f96b48e0020c2c1d6e)] -> xpath: //*[@title='Add']]
Session ID: b38956c1ff99a7f96b48e0020c2c1d6e
at java.base/jdk.internal.reflect.DirectConstructorHandleAccessor.newInstance(DirectConstructorHandleAccessor.java:67)
at java.base/java.lang.reflect.Constructor.newInstanceWithCaller(Constructor.java:500)
at java.base/java.lang.reflect.Constructor.newInstance(Constructor.java:484)
at org.openqa.selenium.remote.codec.w3c.W3CHttpResponseCodec.createException(W3CHttpResponseCodec.java:200)
at org.openqa.selenium.remote.codec.w3c.W3CHttpResponseCodec.decode(W3CHttpResponseCodec.java:133)
at org.openqa.selenium.remote.codec.w3c.W3CHttpResponseCodec.decode(W3CHttpResponseCodec.java:53)
at org.openqa.selenium.remote.HttpCommandExecutor.execute(HttpCommandExecutor.java:193)
at org.openqa.selenium.remote.service.DriverCommandExecutor.invokeExecute(DriverCommandExecutor.java:183)
at org.openqa.selenium.remote.service.DriverCommandExecutor.execute(DriverCommandExecutor.java:158)
at org.openqa.selenium.remote.RemoteWebDriver.execute(RemoteWebDriver.java:543)
at org.openqa.selenium.remote.RemoteWebElement.execute(RemoteWebElement.java:257)
at org.openqa.selenium.remote.RemoteWebElement.click(RemoteWebElement.java:78)
at java.base/jdk.internal.reflect.DirectMethodHandleAccessor.invoke(DirectMethodHandleAccessor.java:104)
at java.base/java.lang.reflect.Method.invoke(Method.java:578)
at org.openqa.selenium.support.pagefactory.internal.LocatingElementHandler.invoke(LocatingElementHandler.java:52)
at jdk.proxy2/jdk.proxy2.$Proxy17.click(Unknown Source)
at com.trisysLOS.pageObjects.CreateLoanPage.clickOnCreateLoanButton(CreateLoanPage.java:301)
at com.trisysLOS.tests.CreateLoanPageTest.LOS_TC_CreateLoan_046(CreateLoanPageTest.java:414)
at java.base/jdk.internal.reflect.DirectMethodHandleAccessor.invoke(DirectMethodHandleAccessor.java:104)
at java.base/java.lang.reflect.Method.invoke(Method.java:578)
at org.testng.internal.invokers.MethodInvocationHelper.invokeMethod(MethodInvocationHelper.java:139)
at org.testng.internal.invokers.TestInvoker.invokeMethod(TestInvoker.java:677)
at org.testng.internal.invokers.TestInvoker.invokeTestMethod(TestInvoker.java:221)
at org.testng.internal.invokers.MethodRunner.runInSequence(MethodRunner.java:50)
at org.testng.internal.invokers.TestInvoker$MethodInvocationAgent.invoke(TestInvoker.java:969)
at org.testng.internal.invokers.TestInvoker.invokeTestMethods(TestInvoker.java:194)
at org.testng.internal.invokers.TestMethodWorker.invokeTestMethods(TestMethodWorker.java:148)
at org.testng.internal.invokers.TestMethodWorker.run(TestMethodWorker.java:128)
at java.base/java.util.ArrayList.forEach(ArrayList.java:1511)
at org.testng.TestRunner.privateRun(TestRunner.java:829)
at org.testng.TestRunner.run(TestRunner.java:602)
at org.testng.SuiteRunner.runTest(SuiteRunner.java:437)
at org.testng.SuiteRunner.runSequentially(SuiteRunner.java:431)
at org.testng.SuiteRunner.privateRun(SuiteRunner.java:391)
at org.testng.SuiteRunner.run(SuiteRunner.java:330)
at org.testng.SuiteRunnerWorker.runSuite(SuiteRunnerWorker.java:52)
at org.testng.SuiteRunnerWorker.run(SuiteRunnerWorker.java:95)
at org.testng.TestNG.runSuitesSequentially(TestNG.java:1256)
at org.testng.TestNG.runSuitesLocally(TestNG.java:1176)
at org.testng.TestNG.runSuites(TestNG.java:1099)
at org.testng.TestNG.run(TestNG.java:1067)
at org.testng.remote.AbstractRemoteTestNG.run(AbstractRemoteTestNG.java:115)
at org.testng.remote.RemoteTestNG.initAndRun(RemoteTestNG.java:251)
at org.testng.remote.RemoteTestNG.main(RemoteTestNG.java:77)
]]>
    </failure>
  </testcase> <!-- LOS_TC_CreateLoan_046 -->
  <testcase classname="com.trisysLOS.tests.CreateLoanPageTest" name="LOS_TC_CreateLoan_29" time="0.0">
    <ignored/>
  </testcase> <!-- LOS_TC_CreateLoan_29 -->
  <testcase classname="com.trisysLOS.tests.CreateLoanPageTest" name="LOS_TC_CreateLoan_017" time="0.0">
    <ignored/>
  </testcase> <!-- LOS_TC_CreateLoan_017 -->
  <testcase classname="com.trisysLOS.tests.CreateLoanPageTest" name="LOS_TC_CreateLoan_039" time="0.0">
    <ignored/>
  </testcase> <!-- LOS_TC_CreateLoan_039 -->
  <testcase classname="com.trisysLOS.tests.CreateLoanPageTest" name="LOS_TC_CreateLoan_007" time="0.0">
    <ignored/>
  </testcase> <!-- LOS_TC_CreateLoan_007 -->
  <testcase classname="com.trisysLOS.tests.CreateLoanPageTest" name="LOS_TC_CreateLoan_019" time="0.0">
    <ignored/>
  </testcase> <!-- LOS_TC_CreateLoan_019 -->
  <testcase classname="com.trisysLOS.tests.CreateLoanPageTest" name="LOS_TC_CreateLoan_009" time="0.0">
    <ignored/>
  </testcase> <!-- LOS_TC_CreateLoan_009 -->
  <testcase classname="com.trisysLOS.tests.CreateLoanPageTest" name="LOS_Tc_CreateLoan_006" time="0.0">
    <ignored/>
  </testcase> <!-- LOS_Tc_CreateLoan_006 -->
  <testcase classname="com.trisysLOS.tests.CreateLoanPageTest" name="LOS_TC_CreateLoan_025" time="0.0">
    <ignored/>
  </testcase> <!-- LOS_TC_CreateLoan_025 -->
  <testcase classname="com.trisysLOS.tests.CreateLoanPageTest" name="LOS_TC_CreateLoan_003" time="0.0">
    <ignored/>
  </testcase> <!-- LOS_TC_CreateLoan_003 -->
  <testcase classname="com.trisysLOS.tests.CreateLoanPageTest" name="LOS_TC_CreateLoan_037" time="0.0">
    <ignored/>
  </testcase> <!-- LOS_TC_CreateLoan_037 -->
  <testcase classname="com.trisysLOS.tests.CreateLoanPageTest" name="LOS_TC_CreateLoan_015" time="0.0">
    <ignored/>
  </testcase> <!-- LOS_TC_CreateLoan_015 -->
  <testcase classname="com.trisysLOS.tests.CreateLoanPageTest" name="LOS_TC_CreateLoan_027" time="0.0">
    <ignored/>
  </testcase> <!-- LOS_TC_CreateLoan_027 -->
  <testcase classname="com.trisysLOS.tests.CreateLoanPageTest" name="LOS_TC_CreateLoan_005" time="0.0">
    <ignored/>
  </testcase> <!-- LOS_TC_CreateLoan_005 -->
  <testcase classname="com.trisysLOS.tests.CreateLoanPageTest" name="LOS_TC_CreateLoan_031" time="0.0">
    <ignored/>
  </testcase> <!-- LOS_TC_CreateLoan_031 -->
  <testcase classname="com.trisysLOS.tests.CreateLoanPageTest" name="LOS_TC_CreateLoan_021" time="0.0">
    <ignored/>
  </testcase> <!-- LOS_TC_CreateLoan_021 -->
  <testcase classname="com.trisysLOS.tests.CreateLoanPageTest" name="LOS_TC_CreateLoan_023" time="0.0">
    <ignored/>
  </testcase> <!-- LOS_TC_CreateLoan_023 -->
  <testcase classname="com.trisysLOS.tests.CreateLoanPageTest" name="LOS_TC_CreateLoan_041" time="0.0">
    <ignored/>
  </testcase> <!-- LOS_TC_CreateLoan_041 -->
  <testcase classname="com.trisysLOS.tests.CreateLoanPageTest" name="LOS_TC_CreateLoan_028" time="0.0">
    <ignored/>
  </testcase> <!-- LOS_TC_CreateLoan_028 -->
  <testcase classname="com.trisysLOS.tests.CreateLoanPageTest" name="LOS_TC_CreateLoan_018" time="0.0">
    <ignored/>
  </testcase> <!-- LOS_TC_CreateLoan_018 -->
  <testcase classname="com.trisysLOS.tests.CreateLoanPageTest" name="LOS_TC_CreateLoan_49" time="0.0">
    <ignored/>
  </testcase> <!-- LOS_TC_CreateLoan_49 -->
  <testcase classname="com.trisysLOS.tests.CreateLoanPageTest" name="LOS_TC_CreateLoan_008" time="0.0">
    <ignored/>
  </testcase> <!-- LOS_TC_CreateLoan_008 -->
  <testcase classname="com.trisysLOS.tests.CreateLoanPageTest" name="LOS_TC_CreateLoan_024" time="0.0">
    <ignored/>
  </testcase> <!-- LOS_TC_CreateLoan_024 -->
  <testcase classname="com.trisysLOS.tests.CreateLoanPageTest" name="LOS_TC_CreateLoan_002" time="0.0">
    <ignored/>
  </testcase> <!-- LOS_TC_CreateLoan_002 -->
  <testcase classname="com.trisysLOS.tests.CreateLoanPageTest" name="LOS_TC_CreateLoan_036" time="0.0">
    <ignored/>
  </testcase> <!-- LOS_TC_CreateLoan_036 -->
  <testcase classname="com.trisysLOS.tests.CreateLoanPageTest" name="LOS_TC_CreateLoan_026" time="0.0">
    <ignored/>
  </testcase> <!-- LOS_TC_CreateLoan_026 -->
  <testcase classname="com.trisysLOS.tests.CreateLoanPageTest" name="LOS_TC_CreateLoan_004" time="0.0">
    <ignored/>
  </testcase> <!-- LOS_TC_CreateLoan_004 -->
  <testcase classname="com.trisysLOS.tests.CreateLoanPageTest" name="LOS_TC_CreateLoan_016" time="0.0">
    <ignored/>
  </testcase> <!-- LOS_TC_CreateLoan_016 -->
  <testcase classname="com.trisysLOS.tests.CreateLoanPageTest" name="LOS_TC_CreateLoan_038" time="0.0">
    <ignored/>
  </testcase> <!-- LOS_TC_CreateLoan_038 -->
  <testcase classname="com.trisysLOS.tests.CreateLoanPageTest" name="LOS_TC_CreateLoan_020" time="0.0">
    <ignored/>
  </testcase> <!-- LOS_TC_CreateLoan_020 -->
  <testcase classname="com.trisysLOS.tests.CreateLoanPageTest" name="LOS_TC_CreateLoan_042" time="0.0">
    <ignored/>
  </testcase> <!-- LOS_TC_CreateLoan_042 -->
  <testcase classname="com.trisysLOS.tests.CreateLoanPageTest" name="LOS_TC_CreateLoan_010" time="0.0">
    <ignored/>
  </testcase> <!-- LOS_TC_CreateLoan_010 -->
  <testcase classname="com.trisysLOS.tests.CreateLoanPageTest" name="LOS_TC_CreateLoan_022" time="0.0">
    <ignored/>
  </testcase> <!-- LOS_TC_CreateLoan_022 -->
  <testcase classname="com.trisysLOS.tests.CreateLoanPageTest" name="LOS_TC_CreateLoan_012" time="0.0">
    <ignored/>
  </testcase> <!-- LOS_TC_CreateLoan_012 -->
  <testcase classname="com.trisysLOS.tests.CreateLoanPageTest" name="createLoanForMultipleUsers" time="0.0">
    <ignored/>
  </testcase> <!-- createLoanForMultipleUsers -->
  <testcase classname="com.trisysLOS.tests.CreateLoanPageTest" name="LOS_TC_CreateLoan_040" time="0.0">
    <ignored/>
  </testcase> <!-- LOS_TC_CreateLoan_040 -->
  <testcase classname="com.trisysLOS.tests.CreateLoanPageTest" name="LOS_TC_CreateLoan_030" time="0.0">
    <ignored/>
  </testcase> <!-- LOS_TC_CreateLoan_030 -->
</testsuite> <!-- Default test -->
