<?xml version="1.0" encoding="UTF-8"?>
<!-- Generated by org.testng.reporters.JUnitXMLReporter -->
<testsuite ignored="16" hostname="DESKTOP-GQ5FLP2" failures="5" tests="29" name="Negative Testing" time="143.646" errors="0" timestamp="2023-06-05T18:26:42 IST">
  <testcase classname="com.trisysLOS.tests.AdminLoginPageTest" name="LOS_TC_Login_003" time="1.002"/>
  <testcase classname="com.trisysLOS.tests.AdminLoginPageTest" name="LOS_TC_Login_004" time="1.017"/>
  <testcase classname="com.trisysLOS.tests.AdminLoginPageTest" name="LOS_TC_Login_005" time="0.721"/>
  <testcase classname="com.trisysLOS.tests.AdminLoginPageTest" name="LOS_TC_Login_006" time="0.978"/>
  <testcase classname="com.trisysLOS.tests.AdminLoginPageTest" name="LOS_TC_Login_007" time="0.658"/>
  <testcase classname="com.trisysLOS.tests.AdminLoginPageTest" name="LOS_TC_Login_008" time="0.632"/>
  <testcase classname="com.trisysLOS.tests.CreateLoanPageTest" name="LOS_TC_CreateLoan_005" time="0.1"/>
  <testcase classname="com.trisysLOS.tests.CreateLoanPageTest" name="LOS_TC_CreateLoan_024" time="0.357"/>
  <testcase classname="com.trisysLOS.tests.CreateLoanPageTest" name="LOS_TC_CreateLoan_040" time="0.736"/>
  <testcase classname="com.trisysLOS.tests.CreateLoanPageTest" name="LOS_TC_CreateLoan_041" time="0.667"/>
  <testcase classname="com.trisysLOS.tests.CreateLoanPageTest" name="LOS_TC_CreateLoan_042" time="1.698">
    <failure type="java.lang.AssertionError" message="expected [true] but found [false]">
      <![CDATA[java.lang.AssertionError: expected [true] but found [false]
at com.trisysLOS.tests.CreateLoanPageTest.LOS_TC_CreateLoan_042(CreateLoanPageTest.java:437)
at java.base/java.util.ArrayList.forEach(ArrayList.java:1511)
... Removed 29 stack frames]]>
    </failure>
  </testcase> <!-- LOS_TC_CreateLoan_042 -->
  <testcase classname="com.trisysLOS.tests.CreateLoanPageTest" name="LOS_TC_CreateLoan_046" time="1.386"/>
  <testcase classname="com.trisysLOS.tests.CreateLoanPageTest" name="LOS_TC_CreateLoan_29" time="1.352"/>
  <testcase classname="com.trisysLOS.tests.CreateLoanPageTest" name="LOS_TC_CreateLoan_003" time="0.013">
    <failure type="java.lang.IllegalArgumentException" message="Keys to send should be a not null CharSequence">
      <![CDATA[java.lang.IllegalArgumentException: Keys to send should be a not null CharSequence
at org.openqa.selenium.remote.RemoteWebElement.sendKeys(RemoteWebElement.java:98)
at org.openqa.selenium.support.pagefactory.internal.LocatingElementHandler.invoke(LocatingElementHandler.java:52)
at jdk.proxy2/jdk.proxy2.$Proxy20.sendKeys(Unknown Source)
at com.trisysLOS.pageObjects.CreateLoanPage.enterName(CreateLoanPage.java:89)
at com.trisysLOS.tests.CreateLoanPageTest.LOS_TC_CreateLoan_003(CreateLoanPageTest.java:67)
at java.base/java.util.ArrayList.forEach(ArrayList.java:1511)
... Removed 27 stack frames]]>
    </failure>
  </testcase> <!-- LOS_TC_CreateLoan_003 -->
  <testcase classname="com.trisysLOS.tests.CreateLoanPageTest" name="LOS_TC_CreateLoan_016" time="1.256">
    <failure type="java.lang.AssertionError" message="expected [true] but found [false]">
      <![CDATA[java.lang.AssertionError: expected [true] but found [false]
at com.trisysLOS.tests.CreateLoanPageTest.LOS_TC_CreateLoan_016(CreateLoanPageTest.java:181)
at java.base/java.util.ArrayList.forEach(ArrayList.java:1511)
... Removed 29 stack frames]]>
    </failure>
  </testcase> <!-- LOS_TC_CreateLoan_016 -->
  <testcase classname="com.trisysLOS.tests.CreateLoanPageTest" name="LOS_TC_CreateLoan_017" time="0.198"/>
  <testcase classname="com.trisysLOS.tests.CreateLoanPageTest" name="LOS_TC_CreateLoan_018" time="0.189"/>
  <testcase classname="com.trisysLOS.tests.CreateLoanPageTest" name="LOS_TC_CreateLoan_019" time="0.28"/>
  <testcase classname="com.trisysLOS.tests.CreateLoanPageTest" name="LOS_TC_CreateLoan_020" time="0.213"/>
  <testcase classname="com.trisysLOS.tests.CreateLoanPageTest" name="LOS_TC_CreateLoan_022" time="0.184"/>
  <testcase classname="com.trisysLOS.tests.CreateLoanPageTest" name="LOS_TC_CreateLoan_023" time="1.301">
    <failure type="java.lang.AssertionError" message="expected [true] but found [false]">
      <![CDATA[java.lang.AssertionError: expected [true] but found [false]
at com.trisysLOS.tests.CreateLoanPageTest.LOS_TC_CreateLoan_023(CreateLoanPageTest.java:250)
at java.base/java.util.ArrayList.forEach(ArrayList.java:1511)
... Removed 29 stack frames]]>
    </failure>
  </testcase> <!-- LOS_TC_CreateLoan_023 -->
  <testcase classname="com.trisysLOS.tests.CreateLoanPageTest" name="LOS_TC_CreateLoan_026" time="0.304"/>
  <testcase classname="com.trisysLOS.tests.CreateLoanPageTest" name="LOS_TC_CreateLoan_027" time="0.297"/>
  <testcase classname="com.trisysLOS.tests.CreateLoanPageTest" name="LOS_TC_CreateLoan_028" time="0.299"/>
  <testcase classname="com.trisysLOS.tests.CreateLoanPageTest" name="LOS_TC_CreateLoan_030" time="0.333"/>
  <testcase classname="com.trisysLOS.tests.CreateLoanPageTest" name="LOS_TC_CreateLoan_031" time="1.418">
    <failure type="java.lang.AssertionError" message="expected [true] but found [false]">
      <![CDATA[java.lang.AssertionError: expected [true] but found [false]
at com.trisysLOS.tests.CreateLoanPageTest.LOS_TC_CreateLoan_031(CreateLoanPageTest.java:339)
at java.base/java.util.ArrayList.forEach(ArrayList.java:1511)
... Removed 29 stack frames]]>
    </failure>
  </testcase> <!-- LOS_TC_CreateLoan_031 -->
  <testcase classname="com.trisysLOS.tests.CreateLoanPageTest" name="LOS_TC_CreateLoan_037" time="0.677"/>
  <testcase classname="com.trisysLOS.tests.CreateLoanPageTest" name="LOS_TC_CreateLoan_038" time="0.627"/>
  <testcase classname="com.trisysLOS.tests.CreateLoanPageTest" name="LOS_TC_CreateLoan_039" time="0.693"/>
  <testcase classname="com.trisysLOS.tests.CreateLoanPageTest" name="LOS_TC_CreateLoan_012" time="0.0">
    <ignored/>
  </testcase> <!-- LOS_TC_CreateLoan_012 -->
  <testcase classname="com.trisysLOS.tests.AdminLoginPageTest" name="LOS_TC_Login_002" time="0.0">
    <ignored/>
  </testcase> <!-- LOS_TC_Login_002 -->
  <testcase classname="com.trisysLOS.tests.AdminLoginPageTest" name="LOS_TC_Login_001" time="0.0">
    <ignored/>
  </testcase> <!-- LOS_TC_Login_001 -->
  <testcase classname="com.trisysLOS.tests.CreateLoanPageTest" name="LOS_Tc_CreateLoan_006" time="0.0">
    <ignored/>
  </testcase> <!-- LOS_Tc_CreateLoan_006 -->
  <testcase classname="com.trisysLOS.tests.CreateLoanPageTest" name="LOS_TC_CreateLoan_025" time="0.0">
    <ignored/>
  </testcase> <!-- LOS_TC_CreateLoan_025 -->
  <testcase classname="com.trisysLOS.tests.CreateLoanPageTest" name="LOS_TC_CreateLoan_036" time="0.0">
    <ignored/>
  </testcase> <!-- LOS_TC_CreateLoan_036 -->
  <testcase classname="com.trisysLOS.tests.CreateLoanPageTest" name="LOS_TC_CreateLoan_004" time="0.0">
    <ignored/>
  </testcase> <!-- LOS_TC_CreateLoan_004 -->
  <testcase classname="com.trisysLOS.tests.CreateLoanPageTest" name="LOS_TC_CreateLoan_015" time="0.0">
    <ignored/>
  </testcase> <!-- LOS_TC_CreateLoan_015 -->
  <testcase classname="com.trisysLOS.tests.CreateLoanPageTest" name="LOS_TC_CreateLoan_47" time="0.0">
    <ignored/>
  </testcase> <!-- LOS_TC_CreateLoan_47 -->
  <testcase classname="com.trisysLOS.tests.CreateLoanPageTest" name="LOS_TC_CreateLoan_002" time="0.0">
    <ignored/>
  </testcase> <!-- LOS_TC_CreateLoan_002 -->
  <testcase classname="com.trisysLOS.tests.CreateLoanPageTest" name="LOS_TC_CreateLoan_007" time="0.0">
    <ignored/>
  </testcase> <!-- LOS_TC_CreateLoan_007 -->
  <testcase classname="com.trisysLOS.tests.CreateLoanPageTest" name="LOS_TC_CreateLoan_008" time="0.0">
    <ignored/>
  </testcase> <!-- LOS_TC_CreateLoan_008 -->
  <testcase classname="com.trisysLOS.tests.CreateLoanPageTest" name="LOS_TC_CreationLoan_48" time="0.0">
    <ignored/>
  </testcase> <!-- LOS_TC_CreationLoan_48 -->
  <testcase classname="com.trisysLOS.tests.CreateLoanPageTest" name="LOS_TC_CreateLoan_009" time="0.0">
    <ignored/>
  </testcase> <!-- LOS_TC_CreateLoan_009 -->
  <testcase classname="com.trisysLOS.tests.CreateLoanPageTest" name="LOS_TC_CreateLoan_010" time="0.0">
    <ignored/>
  </testcase> <!-- LOS_TC_CreateLoan_010 -->
  <testcase classname="com.trisysLOS.tests.CreateLoanPageTest" name="LOS_TC_CreateLoan_021" time="0.0">
    <ignored/>
  </testcase> <!-- LOS_TC_CreateLoan_021 -->
</testsuite> <!-- Negative Testing -->
