<?xml version="1.0" encoding="UTF-8"?>
<!-- Generated by org.testng.reporters.JUnitXMLReporter -->
<testsuite ignored="0" hostname="DESKTOP-QCI0279" failures="6" tests="8" name="Test" time="42.488" errors="0" timestamp="2023-07-11T11:02:21 IST">
  <testcase classname="com.trisysLOS.tests.AdminLoginPageTest" name="LOS_TC_Login_001" time="0.047"/>
  <testcase classname="com.trisysLOS.tests.AdminLoginPageTest" name="LOS_TC_Login_002" time="1.619"/>
  <testcase classname="com.trisysLOS.tests.AdminLoginPageTest" name="LOS_TC_Login_003" time="1.069">
    <failure type="java.lang.AssertionError" message="expected [true] but found [false]">
      <![CDATA[java.lang.AssertionError: expected [true] but found [false]
at com.trisysLOS.tests.AdminLoginPageTest.LOS_TC_Login_003(AdminLoginPageTest.java:56)
at java.base/java.util.ArrayList.forEach(ArrayList.java:1511)
... Removed 29 stack frames]]>
    </failure>
  </testcase> <!-- LOS_TC_Login_003 -->
  <testcase classname="com.trisysLOS.tests.AdminLoginPageTest" name="LOS_TC_Login_004" time="1.171">
    <failure type="java.lang.AssertionError" message="expected [true] but found [false]">
      <![CDATA[java.lang.AssertionError: expected [true] but found [false]
at com.trisysLOS.tests.AdminLoginPageTest.LOS_TC_Login_004(AdminLoginPageTest.java:63)
at java.base/java.util.ArrayList.forEach(ArrayList.java:1511)
... Removed 29 stack frames]]>
    </failure>
  </testcase> <!-- LOS_TC_Login_004 -->
  <testcase classname="com.trisysLOS.tests.AdminLoginPageTest" name="LOS_TC_Login_005" time="1.033">
    <failure type="java.lang.AssertionError" message="expected [true] but found [false]">
      <![CDATA[java.lang.AssertionError: expected [true] but found [false]
at com.trisysLOS.tests.AdminLoginPageTest.LOS_TC_Login_005(AdminLoginPageTest.java:70)
at java.base/java.util.ArrayList.forEach(ArrayList.java:1511)
... Removed 29 stack frames]]>
    </failure>
  </testcase> <!-- LOS_TC_Login_005 -->
  <testcase classname="com.trisysLOS.tests.AdminLoginPageTest" name="LOS_TC_Login_006" time="1.344">
    <failure type="java.lang.AssertionError" message="expected [true] but found [false]">
      <![CDATA[java.lang.AssertionError: expected [true] but found [false]
at com.trisysLOS.tests.AdminLoginPageTest.LOS_TC_Login_006(AdminLoginPageTest.java:77)
at java.base/java.util.ArrayList.forEach(ArrayList.java:1511)
... Removed 29 stack frames]]>
    </failure>
  </testcase> <!-- LOS_TC_Login_006 -->
  <testcase classname="com.trisysLOS.tests.AdminLoginPageTest" name="LOS_TC_Login_007" time="0.888">
    <failure type="java.lang.AssertionError" message="expected [true] but found [false]">
      <![CDATA[java.lang.AssertionError: expected [true] but found [false]
at com.trisysLOS.tests.AdminLoginPageTest.LOS_TC_Login_007(AdminLoginPageTest.java:84)
at java.base/java.util.ArrayList.forEach(ArrayList.java:1511)
... Removed 29 stack frames]]>
    </failure>
  </testcase> <!-- LOS_TC_Login_007 -->
  <testcase classname="com.trisysLOS.tests.AdminLoginPageTest" name="LOS_TC_Login_008" time="0.736">
    <failure type="java.lang.AssertionError" message="expected [true] but found [false]">
      <![CDATA[java.lang.AssertionError: expected [true] but found [false]
at com.trisysLOS.tests.AdminLoginPageTest.LOS_TC_Login_008(AdminLoginPageTest.java:91)
at java.base/java.util.ArrayList.forEach(ArrayList.java:1511)
... Removed 29 stack frames]]>
    </failure>
  </testcase> <!-- LOS_TC_Login_008 -->
</testsuite> <!-- Test -->
