<?xml version="1.0" encoding="UTF-8"?>
<!-- Generated by org.testng.reporters.JUnitXMLReporter -->
<testsuite ignored="11" hostname="VenuGopal" failures="1" tests="4" name="System Testing" time="65.764" errors="0" timestamp="2023-07-21T18:34:57 IST">
  <testcase classname="com.trisysLOS.tests.LoansListingPageTest" name="CompleteFlow" time="16.797"/>
  <testcase classname="com.trisysLOS.tests.LoansListingPageTest" name="LOS_TC_LoansListing_006" time="14.45">
    <failure type="java.lang.AssertionError" message="expected [false] but found [true]">
      <![CDATA[java.lang.AssertionError: expected [false] but found [true]
at com.trisysLOS.tests.LoansListingPageTest.LOS_TC_LoansListing_006(LoansListingPageTest.java:130)
at java.base/java.util.ArrayList.forEach(ArrayList.java:1541)
... Removed 31 stack frames]]>
    </failure>
  </testcase> <!-- LOS_TC_LoansListing_006 -->
  <testcase classname="com.trisysLOS.tests.LoansListingPageTest" name="LOS_TC_LoansListing_004" time="13.181"/>
  <testcase classname="com.trisysLOS.tests.AdminLoginPageTest" name="LOS_TC_Login_002" time="1.212"/>
  <testcase classname="com.trisysLOS.tests.AdminLoginPageTest" name="LOS_TC_Login_006" time="0.0">
    <ignored/>
  </testcase> <!-- LOS_TC_Login_006 -->
  <testcase classname="com.trisysLOS.tests.AdminLoginPageTest" name="LOS_TC_Login_005" time="0.0">
    <ignored/>
  </testcase> <!-- LOS_TC_Login_005 -->
  <testcase classname="com.trisysLOS.tests.LoansListingPageTest" name="LOS_TC_LoansListing_005" time="0.0">
    <ignored/>
  </testcase> <!-- LOS_TC_LoansListing_005 -->
  <testcase classname="com.trisysLOS.tests.AdminLoginPageTest" name="LOS_TC_Login_001" time="0.0">
    <ignored/>
  </testcase> <!-- LOS_TC_Login_001 -->
  <testcase classname="com.trisysLOS.tests.LoansListingPageTest" name="LOS_TC_LoansListing_002" time="0.0">
    <ignored/>
  </testcase> <!-- LOS_TC_LoansListing_002 -->
  <testcase classname="com.trisysLOS.tests.LoansListingPageTest" name="LOS_TC_LoansListing_003" time="0.0">
    <ignored/>
  </testcase> <!-- LOS_TC_LoansListing_003 -->
  <testcase classname="com.trisysLOS.tests.AdminLoginPageTest" name="LOS_TC_Login_008" time="0.0">
    <ignored/>
  </testcase> <!-- LOS_TC_Login_008 -->
  <testcase classname="com.trisysLOS.tests.AdminLoginPageTest" name="LOS_TC_Login_007" time="0.0">
    <ignored/>
  </testcase> <!-- LOS_TC_Login_007 -->
  <testcase classname="com.trisysLOS.tests.AdminLoginPageTest" name="LOS_TC_Login_004" time="0.0">
    <ignored/>
  </testcase> <!-- LOS_TC_Login_004 -->
  <testcase classname="com.trisysLOS.tests.LoansListingPageTest" name="LOS_TC_LoansListing_001" time="0.0">
    <ignored/>
  </testcase> <!-- LOS_TC_LoansListing_001 -->
  <testcase classname="com.trisysLOS.tests.AdminLoginPageTest" name="LOS_TC_Login_003" time="0.0">
    <ignored/>
  </testcase> <!-- LOS_TC_Login_003 -->
</testsuite> <!-- System Testing -->
