<?xml version="1.0" encoding="UTF-8"?>
<!-- Generated by org.testng.reporters.JUnitXMLReporter -->
<testsuite ignored="11" hostname="DESKTOP-QCI0279" failures="0" tests="0" name="test" time="0.704" errors="0" timestamp="2023-07-12T14:25:57 IST">
  <testcase classname="com.trisysLOS.tests.LoansListingPageTest" name="LOS_TC_LoansListing_001" time="0.0">
    <ignored/>
  </testcase> <!-- LOS_TC_LoansListing_001 -->
  <testcase classname="com.trisysLOS.tests.AdminLoginPageTest" name="LOS_TC_Login_008" time="0.0">
    <ignored/>
  </testcase> <!-- LOS_TC_Login_008 -->
  <testcase classname="com.trisysLOS.tests.AdminLoginPageTest" name="LOS_TC_Login_007" time="0.0">
    <ignored/>
  </testcase> <!-- LOS_TC_Login_007 -->
  <testcase classname="com.trisysLOS.tests.LoansListingPageTest" name="LOS_TC_LoansListing_003" time="0.0">
    <ignored/>
  </testcase> <!-- LOS_TC_LoansListing_003 -->
  <testcase classname="com.trisysLOS.tests.LoansListingPageTest" name="LOS_TC_LoansListing_002" time="0.0">
    <ignored/>
  </testcase> <!-- LOS_TC_LoansListing_002 -->
  <testcase classname="com.trisysLOS.tests.AdminLoginPageTest" name="LOS_TC_Login_001" time="0.0">
    <ignored/>
  </testcase> <!-- LOS_TC_Login_001 -->
  <testcase classname="com.trisysLOS.tests.AdminLoginPageTest" name="LOS_TC_Login_005" time="0.0">
    <ignored/>
  </testcase> <!-- LOS_TC_Login_005 -->
  <testcase classname="com.trisysLOS.tests.AdminLoginPageTest" name="LOS_TC_Login_002" time="0.0">
    <ignored/>
  </testcase> <!-- LOS_TC_Login_002 -->
  <testcase classname="com.trisysLOS.tests.AdminLoginPageTest" name="LOS_TC_Login_004" time="0.0">
    <ignored/>
  </testcase> <!-- LOS_TC_Login_004 -->
  <testcase classname="com.trisysLOS.tests.AdminLoginPageTest" name="LOS_TC_Login_003" time="0.0">
    <ignored/>
  </testcase> <!-- LOS_TC_Login_003 -->
  <testcase classname="com.trisysLOS.tests.AdminLoginPageTest" name="LOS_TC_Login_006" time="0.0">
    <ignored/>
  </testcase> <!-- LOS_TC_Login_006 -->
</testsuite> <!-- test -->
