<?xml version="1.0" encoding="UTF-8"?>
<!-- Generated by org.testng.reporters.JUnitXMLReporter -->
<testsuite ignored="29" hostname="DESKTOP-GQ5FLP2" failures="0" tests="19" name="Positive Testing" time="58.768" errors="0" timestamp="2023-06-02T17:14:31 IST">
  <testcase classname="com.trisysLOS.tests.AdminLoginPageTest" name="LOS_TC_Login_001" time="0.026"/>
  <testcase classname="com.trisysLOS.tests.AdminLoginPageTest" name="LOS_TC_Login_002" time="1.891"/>
  <testcase classname="com.trisysLOS.tests.CreateLoanPageTest" name="LOS_TC_CreateLoan_002" time="1.318"/>
  <testcase classname="com.trisysLOS.tests.CreateLoanPageTest" name="LOS_TC_CreateLoan_004" time="12.182"/>
  <testcase classname="com.trisysLOS.tests.CreateLoanPageTest" name="LOS_TC_CreateLoan_007" time="0.165"/>
  <testcase classname="com.trisysLOS.tests.CreateLoanPageTest" name="LOS_TC_CreateLoan_008" time="0.0">
    <skipped/>
  </testcase> <!-- LOS_TC_CreateLoan_008 -->
  <testcase classname="com.trisysLOS.tests.CreateLoanPageTest" name="LOS_TC_CreateLoan_009" time="0.0">
    <skipped/>
  </testcase> <!-- LOS_TC_CreateLoan_009 -->
  <testcase classname="com.trisysLOS.tests.CreateLoanPageTest" name="LOS_TC_CreateLoan_010" time="0.0">
    <skipped/>
  </testcase> <!-- LOS_TC_CreateLoan_010 -->
  <testcase classname="com.trisysLOS.tests.CreateLoanPageTest" name="LOS_TC_CreateLoan_012" time="0.0">
    <skipped/>
  </testcase> <!-- LOS_TC_CreateLoan_012 -->
  <testcase classname="com.trisysLOS.tests.CreateLoanPageTest" name="LOS_TC_CreateLoan_015" time="0.0">
    <skipped/>
  </testcase> <!-- LOS_TC_CreateLoan_015 -->
  <testcase classname="com.trisysLOS.tests.CreateLoanPageTest" name="LOS_TC_CreateLoan_47" time="0.0">
    <skipped/>
  </testcase> <!-- LOS_TC_CreateLoan_47 -->
  <testcase classname="com.trisysLOS.tests.CreateLoanPageTest" name="LOS_TC_CreationLoan_48" time="0.0">
    <skipped/>
  </testcase> <!-- LOS_TC_CreationLoan_48 -->
  <testcase classname="com.trisysLOS.tests.CreateLoanPageTest" name="LOS_TC_CreationLoan_48" time="0.0">
    <skipped/>
  </testcase> <!-- LOS_TC_CreationLoan_48 -->
  <testcase classname="com.trisysLOS.tests.CreateLoanPageTest" name="LOS_TC_CreationLoan_48" time="0.0">
    <skipped/>
  </testcase> <!-- LOS_TC_CreationLoan_48 -->
  <testcase classname="com.trisysLOS.tests.CreateLoanPageTest" name="LOS_TC_CreationLoan_48" time="0.0">
    <skipped/>
  </testcase> <!-- LOS_TC_CreationLoan_48 -->
  <testcase classname="com.trisysLOS.tests.CreateLoanPageTest" name="LOS_Tc_CreateLoan_006" time="0.0">
    <skipped/>
  </testcase> <!-- LOS_Tc_CreateLoan_006 -->
  <testcase classname="com.trisysLOS.tests.CreateLoanPageTest" name="LOS_TC_CreateLoan_025" time="0.0">
    <skipped/>
  </testcase> <!-- LOS_TC_CreateLoan_025 -->
  <testcase classname="com.trisysLOS.tests.CreateLoanPageTest" name="LOS_TC_CreateLoan_021" time="0.0">
    <skipped/>
  </testcase> <!-- LOS_TC_CreateLoan_021 -->
  <testcase classname="com.trisysLOS.tests.CreateLoanPageTest" name="LOS_TC_CreateLoan_036" time="0.0">
    <skipped/>
  </testcase> <!-- LOS_TC_CreateLoan_036 -->
  <testcase classname="com.trisysLOS.tests.CreateLoanPageTest" name="LOS_TC_CreateLoan_041" time="0.0">
    <ignored/>
  </testcase> <!-- LOS_TC_CreateLoan_041 -->
  <testcase classname="com.trisysLOS.tests.CreateLoanPageTest" name="LOS_TC_CreateLoan_031" time="0.0">
    <ignored/>
  </testcase> <!-- LOS_TC_CreateLoan_031 -->
  <testcase classname="com.trisysLOS.tests.CreateLoanPageTest" name="LOS_TC_CreateLoan_023" time="0.0">
    <ignored/>
  </testcase> <!-- LOS_TC_CreateLoan_023 -->
  <testcase classname="com.trisysLOS.tests.CreateLoanPageTest" name="LOS_TC_CreateLoan_038" time="0.0">
    <ignored/>
  </testcase> <!-- LOS_TC_CreateLoan_038 -->
  <testcase classname="com.trisysLOS.tests.CreateLoanPageTest" name="LOS_TC_CreateLoan_016" time="0.0">
    <ignored/>
  </testcase> <!-- LOS_TC_CreateLoan_016 -->
  <testcase classname="com.trisysLOS.tests.AdminLoginPageTest" name="LOS_TC_Login_003" time="0.0">
    <ignored/>
  </testcase> <!-- LOS_TC_Login_003 -->
  <testcase classname="com.trisysLOS.tests.CreateLoanPageTest" name="LOS_TC_CreateLoan_028" time="0.0">
    <ignored/>
  </testcase> <!-- LOS_TC_CreateLoan_028 -->
  <testcase classname="com.trisysLOS.tests.CreateLoanPageTest" name="LOS_TC_CreateLoan_026" time="0.0">
    <ignored/>
  </testcase> <!-- LOS_TC_CreateLoan_026 -->
  <testcase classname="com.trisysLOS.tests.AdminLoginPageTest" name="LOS_TC_005" time="0.0">
    <ignored/>
  </testcase> <!-- LOS_TC_005 -->
  <testcase classname="com.trisysLOS.tests.AdminLoginPageTest" name="LOS_TC_007" time="0.0">
    <ignored/>
  </testcase> <!-- LOS_TC_007 -->
  <testcase classname="com.trisysLOS.tests.CreateLoanPageTest" name="LOS_TC_CreateLoan_018" time="0.0">
    <ignored/>
  </testcase> <!-- LOS_TC_CreateLoan_018 -->
  <testcase classname="com.trisysLOS.tests.CreateLoanPageTest" name="LOS_TC_CreateLoan_29" time="0.0">
    <ignored/>
  </testcase> <!-- LOS_TC_CreateLoan_29 -->
  <testcase classname="com.trisysLOS.tests.CreateLoanPageTest" name="LOS_TC_CreateLoan_024" time="0.0">
    <ignored/>
  </testcase> <!-- LOS_TC_CreateLoan_024 -->
  <testcase classname="com.trisysLOS.tests.CreateLoanPageTest" name="LOS_TC_CreateLoan_046" time="0.0">
    <ignored/>
  </testcase> <!-- LOS_TC_CreateLoan_046 -->
  <testcase classname="com.trisysLOS.tests.CreateLoanPageTest" name="LOS_TC_CreateLoan_030" time="0.0">
    <ignored/>
  </testcase> <!-- LOS_TC_CreateLoan_030 -->
  <testcase classname="com.trisysLOS.tests.CreateLoanPageTest" name="LOS_TC_CreateLoan_020" time="0.0">
    <ignored/>
  </testcase> <!-- LOS_TC_CreateLoan_020 -->
  <testcase classname="com.trisysLOS.tests.CreateLoanPageTest" name="LOS_TC_CreateLoan_042" time="0.0">
    <ignored/>
  </testcase> <!-- LOS_TC_CreateLoan_042 -->
  <testcase classname="com.trisysLOS.tests.CreateLoanPageTest" name="LOS_TC_CreateLoan_040" time="0.0">
    <ignored/>
  </testcase> <!-- LOS_TC_CreateLoan_040 -->
  <testcase classname="com.trisysLOS.tests.CreateLoanPageTest" name="LOS_TC_CreateLoan_022" time="0.0">
    <ignored/>
  </testcase> <!-- LOS_TC_CreateLoan_022 -->
  <testcase classname="com.trisysLOS.tests.CreateLoanPageTest" name="LOS_TC_CreateLoan_027" time="0.0">
    <ignored/>
  </testcase> <!-- LOS_TC_CreateLoan_027 -->
  <testcase classname="com.trisysLOS.tests.CreateLoanPageTest" name="LOS_TC_CreateLoan_005" time="0.0">
    <ignored/>
  </testcase> <!-- LOS_TC_CreateLoan_005 -->
  <testcase classname="com.trisysLOS.tests.AdminLoginPageTest" name="LOS_TC_004" time="0.0">
    <ignored/>
  </testcase> <!-- LOS_TC_004 -->
  <testcase classname="com.trisysLOS.tests.CreateLoanPageTest" name="LOS_TC_CreateLoan_017" time="0.0">
    <ignored/>
  </testcase> <!-- LOS_TC_CreateLoan_017 -->
  <testcase classname="com.trisysLOS.tests.CreateLoanPageTest" name="LOS_TC_CreateLoan_039" time="0.0">
    <ignored/>
  </testcase> <!-- LOS_TC_CreateLoan_039 -->
  <testcase classname="com.trisysLOS.tests.CreateLoanPageTest" name="LOS_TC_CreateLoan_003" time="0.0">
    <ignored/>
  </testcase> <!-- LOS_TC_CreateLoan_003 -->
  <testcase classname="com.trisysLOS.tests.CreateLoanPageTest" name="LOS_TC_CreateLoan_037" time="0.0">
    <ignored/>
  </testcase> <!-- LOS_TC_CreateLoan_037 -->
  <testcase classname="com.trisysLOS.tests.AdminLoginPageTest" name="LOS_TC_008" time="0.0">
    <ignored/>
  </testcase> <!-- LOS_TC_008 -->
  <testcase classname="com.trisysLOS.tests.CreateLoanPageTest" name="LOS_TC_CreateLoan_019" time="0.0">
    <ignored/>
  </testcase> <!-- LOS_TC_CreateLoan_019 -->
  <testcase classname="com.trisysLOS.tests.AdminLoginPageTest" name="LOS_TC_006" time="0.0">
    <ignored/>
  </testcase> <!-- LOS_TC_006 -->
</testsuite> <!-- Positive Testing -->
